<?xml version="1.0" encoding="UTF-8"?>
<!-- Generated by org.testng.reporters.JUnitReportReporter -->
<testsuite ignored="0" hostname="STREAMSOFT-0205" failures="0" tests="5" name="LoadFromNBPTest" time="0.605" errors="0" timestamp="24 mar 2021 11:23:01 GMT" skipped="0">
  <testcase classname="LoadFromNBPTest" name="should_exchangeToPLN_when_specificDateWasGiven" time="0.091"/>
  <testcase classname="LoadFromNBPTest" name="should_exchangeToPLN_when_thereWasNoRateThatDate" time="0.122"/>
  <testcase classname="LoadFromNBPTest" name="should_throwCurrencyException_when_dateIsAfterToday" time="0.008"/>
  <testcase classname="LoadFromNBPTest" name="should_exchangeFromPLN" time="0.334"/>
  <testcase classname="LoadFromNBPTest" name="should_exchangeToPLN" time="0.050"/>
</testsuite> <!-- LoadFromNBPTest -->
