<?xml version="1.0" encoding="UTF-8"?>
<!-- Generated by org.testng.reporters.JUnitReportReporter -->
<testsuite ignored="0" hostname="STREAMSOFT-0205" failures="0" tests="5" name="LoadFromNBPTest" time="0.821" errors="0" timestamp="25 mar 2021 09:40:46 GMT" skipped="0">
  <testcase classname="LoadFromNBPTest" name="should_exchangeFromPLN" time="0.475"/>
  <testcase classname="LoadFromNBPTest" name="should_exchangeToPLN_when_specificDateWasGiven" time="0.100"/>
  <testcase classname="LoadFromNBPTest" name="should_exchangeToPLN" time="0.106"/>
  <testcase classname="LoadFromNBPTest" name="should_exchangeToPLN_when_thereWasNoRateThatDate" time="0.130"/>
  <testcase classname="LoadFromNBPTest" name="should_throwCurrencyException_when_dateIsAfterToday" time="0.010"/>
</testsuite> <!-- LoadFromNBPTest -->
