<?xml version="1.0" encoding="UTF-8"?>
<!-- Generated by org.testng.reporters.JUnitReportReporter -->
<testsuite ignored="0" hostname="STREAMSOFT-0205" failures="0" tests="5" name="LoadFromNBPTest" time="0.867" errors="0" timestamp="23 mar 2021 08:57:20 GMT" skipped="0">
  <testcase classname="LoadFromNBPTest" name="Should_ThrowCurrencyException_When_DateIsAfterToday" time="0.012"/>
  <testcase classname="LoadFromNBPTest" name="Should_ExchangeFromPLN" time="0.399"/>
  <testcase classname="LoadFromNBPTest" name="Should_ExchangeToPLN_When_ThereWasNoRateThatDate" time="0.207"/>
  <testcase classname="LoadFromNBPTest" name="Should_ExchangeToPLN_When_SpecificDateWasGiven" time="0.119"/>
  <testcase classname="LoadFromNBPTest" name="Should_ExchangeToPLN" time="0.130"/>
</testsuite> <!-- LoadFromNBPTest -->
