<?xml version="1.0" encoding="UTF-8"?>
<!-- Generated by org.testng.reporters.JUnitReportReporter -->
<testsuite ignored="0" hostname="STREAMSOFT-0205" failures="0" tests="6" name="DateTest" time="0.693" errors="0" timestamp="22 mar 2021 14:11:29 GMT" skipped="0">
  <testcase classname="DateTest" name="exchangeToWithCurrentDateTest" time="0.052"/>
  <testcase classname="DateTest" name="exchangeToWeekendTest" time="0.165"/>
  <testcase classname="DateTest" name="exchangeToWithDateTest" time="0.046"/>
  <testcase classname="DateTest" name="exchangeToTest" time="0.038"/>
  <testcase classname="DateTest" name="exchangeFromTest" time="0.391"/>
  <testcase classname="DateTest" name="exchangeToInFutureTest" time="0.001"/>
</testsuite> <!-- DateTest -->
